{"/Users/nferracin/workspace/personal/countries/src/Routes/Main/Main.js": {"path":"/Users/nferracin/workspace/personal/countries/src/Routes/Main/Main.js","statementMap":{"0":{"start":{"line":17,"column":4},"end":{"line":21,"column":6}}},"fnMap":{"0":{"name":"(anonymous_0)","decl":{"start":{"line":16,"column":2},"end":{"line":16,"column":3}},"loc":{"start":{"line":16,"column":11},"end":{"line":22,"column":3}},"line":16}},"branchMap":{},"s":{"0":3},"f":{"0":3},"b":{},"_coverageSchema":"332fd63041d2c1bcb487cc26dd0d5f7d97098a6c","hash":"0556410086552053a32d2404e24175f6bcd2349d"}
}
